<?xml version="1.0" encoding="UTF-8" standalone="no"?>
<!DOCTYPE log SYSTEM "logger.dtd">
<log>
<record>
  <date>2022-06-01T10:10:46.059-0300</date>
  <logger>JOAO PAULO FERREIRA GOMES</logger>
  <level>FINE</level>
  <message>File 120210445-JOAO PAULO FERREIRA GOMES.zip was received. It was sent by JOAO PAULO FERREIRA GOMES from IP 192.168.1.5 at 01-06-2022 10*10*46</message>
</record>
</log>
<?xml version="1.0" encoding="UTF-8" standalone="no"?>
<!DOCTYPE log SYSTEM "logger.dtd">
<log>
<record>
  <date>2022-06-01T10:14:58.830-0300</date>
  <logger>JOAO PAULO FERREIRA GOMES</logger>
  <level>FINE</level>
  <message>File 120210445-JOAO PAULO FERREIRA GOMES.zip was received. It was sent by JOAO PAULO FERREIRA GOMES from IP 192.168.1.5 at 01-06-2022 10*14*58</message>
</record>
</log>
<?xml version="1.0" encoding="UTF-8" standalone="no"?>
<!DOCTYPE log SYSTEM "logger.dtd">
<log>
<record>
  <date>2022-06-04T12:22:13.541-0300</date>
  <logger>JOAO PAULO FERREIRA GOMES</logger>
  <level>FINE</level>
  <message>File 120210445-JOAO PAULO FERREIRA GOMES.zip was received. It was sent by JOAO PAULO FERREIRA GOMES from IP 192.168.1.5 at 04-06-2022 12*22*13</message>
</record>
</log>
<?xml version="1.0" encoding="UTF-8" standalone="no"?>
<!DOCTYPE log SYSTEM "logger.dtd">
<log>
<record>
  <date>2022-06-06T12:03:58.762-0300</date>
  <logger>JOAO PAULO FERREIRA GOMES</logger>
  <level>FINE</level>
  <message>File 120210445-JOAO PAULO FERREIRA GOMES.zip was received. It was sent by JOAO PAULO FERREIRA GOMES from IP 192.168.1.5 at 06-06-2022 12*03*58</message>
</record>
</log>
<?xml version="1.0" encoding="UTF-8" standalone="no"?>
<!DOCTYPE log SYSTEM "logger.dtd">
<log>
<record>
  <date>2022-06-06T12:04:39.388-0300</date>
  <logger>JOAO PAULO FERREIRA GOMES</logger>
  <level>FINE</level>
  <message>File 120210445-JOAO PAULO FERREIRA GOMES.zip was received. It was sent by JOAO PAULO FERREIRA GOMES from IP 192.168.1.5 at 06-06-2022 12*04*39</message>
</record>
</log>
<?xml version="1.0" encoding="UTF-8" standalone="no"?>
<!DOCTYPE log SYSTEM "logger.dtd">
<log>
<record>
  <date>2022-06-06T12:05:17.888-0300</date>
  <logger>JOAO PAULO FERREIRA GOMES</logger>
  <level>FINE</level>
  <message>File 120210445-JOAO PAULO FERREIRA GOMES.zip was received. It was sent by JOAO PAULO FERREIRA GOMES from IP 192.168.1.5 at 06-06-2022 12*05*17</message>
</record>
</log>
<?xml version="1.0" encoding="UTF-8" standalone="no"?>
<!DOCTYPE log SYSTEM "logger.dtd">
<log>
<record>
  <date>2022-06-06T23:13:53.640-0300</date>
  <logger>JOAO PAULO FERREIRA GOMES</logger>
  <level>FINE</level>
  <message>File 120210445-JOAO PAULO FERREIRA GOMES.zip was received. It was sent by JOAO PAULO FERREIRA GOMES from IP 192.168.1.5 at 06-06-2022 23*13*53</message>
</record>
